[themes.iamabdus.com/bigbag/1.1/index-v3.html]
[backblue.gif]
[fade.gif]
[index.html]
[themes.iamabdus.com/bigbag/1.1/plugins/jquery-ui/jquery-ui.css]
[themes.iamabdus.com/bigbag/1.1/plugins/bootstrap/css/bootstrap.min.css]
[themes.iamabdus.com/bigbag/1.1/plugins/font-awesome/css/font-awesome.min.css]
[themes.iamabdus.com/bigbag/1.1/plugins/selectbox/select_option1.css]
[themes.iamabdus.com/bigbag/1.1/plugins/rs-plugin/css/settings.css]
[themes.iamabdus.com/bigbag/1.1/plugins/owl-carousel/owl.carousel.css]
[themes.iamabdus.com/bigbag/1.1/css/style.css]
[themes.iamabdus.com/bigbag/1.1/options/animate.css]
[themes.iamabdus.com/bigbag/1.1/options/optionswitch.css]
[themes.iamabdus.com/bigbag/1.1/css/colors/default.css]
[themes.iamabdus.com/bigbag/1.1/.login-modal]
[themes.iamabdus.com/bigbag/1.1/img/logo.png]
[themes.iamabdus.com/bigbag/1.1/index-v1.html]
[themes.iamabdus.com/bigbag/1.1/index-v2.html]
[themes.iamabdus.com/bigbag/1.1/index-v4.html]
[themes.iamabdus.com/bigbag/1.1/product-grid-left-sidebar.html]
[themes.iamabdus.com/bigbag/1.1/product-grid-right-sidebar.html]
[themes.iamabdus.com/bigbag/1.1/product-grid-3-col-filter.html]
[themes.iamabdus.com/bigbag/1.1/product-grid-3-col.html]
[themes.iamabdus.com/bigbag/1.1/product-grid-4-col.html]
[themes.iamabdus.com/bigbag/1.1/product-list-left-sidebar.html]
[themes.iamabdus.com/bigbag/1.1/product-list-right-sidebar.html]
[themes.iamabdus.com/bigbag/1.1/single-product.html]
[themes.iamabdus.com/bigbag/1.1/cart-page.html]
[themes.iamabdus.com/bigbag/1.1/checkout-step-1.html]
[themes.iamabdus.com/bigbag/1.1/checkout-step-2.html]
[themes.iamabdus.com/bigbag/1.1/checkout-step-3.html]
[themes.iamabdus.com/bigbag/1.1/checkout-step-4.html]
[themes.iamabdus.com/bigbag/1.1/checkout-complete.html]
[themes.iamabdus.com/bigbag/1.1/img/menu-photo.jpg]
[themes.iamabdus.com/bigbag/1.1/about-us.html]
[themes.iamabdus.com/bigbag/1.1/signup.html]
[themes.iamabdus.com/bigbag/1.1/signup-login.html]
[themes.iamabdus.com/bigbag/1.1/login.html]
[themes.iamabdus.com/bigbag/1.1/lost-password.html]
[themes.iamabdus.com/bigbag/1.1/privacy-policy.html]
[themes.iamabdus.com/bigbag/1.1/terms-and-conditions.html]
[themes.iamabdus.com/bigbag/1.1/404.html]
[themes.iamabdus.com/bigbag/1.1/short-code.html]
[themes.iamabdus.com/bigbag/1.1/coming-soon.html]
[themes.iamabdus.com/bigbag/1.1/blog-right-sidebar.html]
[themes.iamabdus.com/bigbag/1.1/blog-left-sidebar.html]
[themes.iamabdus.com/bigbag/1.1/blog-fullwidth.html]
[themes.iamabdus.com/bigbag/1.1/blog-single-fullwidth.html]
[themes.iamabdus.com/bigbag/1.1/blog-single-right-sidebar.html]
[themes.iamabdus.com/bigbag/1.1/blog-single-left-sidebar.html]
[themes.iamabdus.com/bigbag/1.1/account-dashboard.html]
[themes.iamabdus.com/bigbag/1.1/account-profile.html]
[themes.iamabdus.com/bigbag/1.1/account-all-orders.html]
[themes.iamabdus.com/bigbag/1.1/account-single-order.html]
[themes.iamabdus.com/bigbag/1.1/account-wishlist.html]
[themes.iamabdus.com/bigbag/1.1/account-address.html]
[themes.iamabdus.com/bigbag/1.1/img/home/cart-items/cart-item-01.jpg]
[themes.iamabdus.com/bigbag/1.1/img/home/banner-slider/slider-img4.png]
[themes.iamabdus.com/bigbag/1.1/img/home/banner-slider/slider-img5.png]
[themes.iamabdus.com/bigbag/1.1/img/home/banner-slider/slider-img6.png]
[themes.iamabdus.com/bigbag/1.1/img/home/product-deal/product-1.jpg]
[themes.iamabdus.com/bigbag/1.1/img/home/product-deal/product-2.jpg]
[themes.iamabdus.com/bigbag/1.1/img/home/product-deal/product-3.jpg]
[themes.iamabdus.com/bigbag/1.1/img/home/featured-product/product-img7.jpg]
[themes.iamabdus.com/bigbag/1.1/.quick-view]
[themes.iamabdus.com/bigbag/1.1/img/home/featured-product/product-img8.jpg]
[themes.iamabdus.com/bigbag/1.1/img/home/featured-product/product-img9.jpg]
[themes.iamabdus.com/bigbag/1.1/img/home/featured-product/product-img10.jpg]
[themes.iamabdus.com/bigbag/1.1/img/home/featured-product/product-img11.jpg]
[themes.iamabdus.com/bigbag/1.1/img/home/featured-product/product-img12.jpg]
[themes.iamabdus.com/bigbag/1.1/img/home/featured-product/product-img13.jpg]
[themes.iamabdus.com/bigbag/1.1/img/home/featured-product/product-img3.jpg]
[themes.iamabdus.com/bigbag/1.1/img/home/featured-product/product-img6.jpg]
[themes.iamabdus.com/bigbag/1.1/img/home/featured-product/product-img5.jpg]
[themes.iamabdus.com/bigbag/1.1/img/home/featured-product/product-img4.jpg]
[themes.iamabdus.com/bigbag/1.1/img/home/testimonial/testimonial-img1.png]
[themes.iamabdus.com/bigbag/1.1/img/home/testimonial/author1.png]
[themes.iamabdus.com/bigbag/1.1/img/home/partners/partner-01.png]
[themes.iamabdus.com/bigbag/1.1/img/home/partners/partner-02.png]
[themes.iamabdus.com/bigbag/1.1/img/home/partners/partner-03.png]
[themes.iamabdus.com/bigbag/1.1/img/home/partners/partner-04.png]
[themes.iamabdus.com/bigbag/1.1/img/home/partners/partner-05.png]
[themes.iamabdus.com/bigbag/1.1/img/home/footer/card1.png]
[themes.iamabdus.com/bigbag/1.1/img/home/footer/card2.png]
[themes.iamabdus.com/bigbag/1.1/img/home/footer/card3.png]
[themes.iamabdus.com/bigbag/1.1/img/home/footer/card4.png]
[themes.iamabdus.com/bigbag/1.1/img/products/quick-view/quick-view-01.jpg]
[ajax.googleapis.com/ajax/libs/jquery/1.11.3/jquery.min.js]
[themes.iamabdus.com/bigbag/1.1/plugins/rs-plugin/js/jquery.themepunch.tools.min.js]
[themes.iamabdus.com/bigbag/1.1/plugins/rs-plugin/js/jquery.themepunch.revolution.min.js]
[themes.iamabdus.com/bigbag/1.1/plugins/selectbox/jquery.selectbox-0.1.3.min.js]
[themes.iamabdus.com/bigbag/1.1/plugins/owl-carousel/owl.carousel.js]
[themes.iamabdus.com/bigbag/1.1/plugins/countdown/jquery.syotimer.js]
[themes.iamabdus.com/bigbag/1.1/options/optionswitcher.js]
[themes.iamabdus.com/bigbag/1.1/index-v3.html]
[themes.iamabdus.com/bigbag/1.1/plugins/jquery-ui/jquery-ui.js]
[themes.iamabdus.com/bigbag/1.1/js/custom.js]
[themes.iamabdus.com/bigbag/1.1/plugins/jquery-ui/images/ui-bg_flat_75_ffffff_40x100.png]
[themes.iamabdus.com/bigbag/1.1/plugins/jquery-ui/images/ui-bg_glass_75_e6e6e6_1x400.png]
[themes.iamabdus.com/bigbag/1.1/plugins/jquery-ui/images/ui-bg_glass_75_dadada_1x400.png]
[themes.iamabdus.com/bigbag/1.1/plugins/jquery-ui/images/ui-bg_glass_65_ffffff_1x400.61.delayed]
[themes.iamabdus.com/bigbag/1.1/plugins/jquery-ui/images/ui-bg_glass_55_fbf9ee_1x400.62.delayed]
[themes.iamabdus.com/bigbag/1.1/plugins/jquery-ui/images/ui-bg_glass_95_fef1ec_1x400.63.delayed]
[themes.iamabdus.com/bigbag/1.1/plugins/jquery-ui/images/ui-icons_222222_256x240.64.delayed]
[themes.iamabdus.com/bigbag/1.1/plugins/jquery-ui/images/ui-icons_888888_256x240.65.delayed]
[themes.iamabdus.com/bigbag/1.1/plugins/jquery-ui/images/ui-icons_454545_256x240.66.delayed]
[themes.iamabdus.com/bigbag/1.1/plugins/jquery-ui/images/ui-icons_2e83ff_256x240.67.delayed]
[themes.iamabdus.com/bigbag/1.1/plugins/jquery-ui/images/ui-icons_cd0a0a_256x240.68.delayed]
[themes.iamabdus.com/bigbag/1.1/plugins/jquery-ui/images/ui-bg_flat_0_aaaaaa_40x100.69.delayed]
[themes.iamabdus.com/bigbag/1.1/plugins/jquery-ui/jquery-ui.css]
[themes.iamabdus.com/bigbag/1.1/plugins/bootstrap/fonts/glyphicons-halflings-regular.eot]
[themes.iamabdus.com/bigbag/1.1/plugins/bootstrap/fonts/glyphicons-halflings-regular.woff2]
[themes.iamabdus.com/bigbag/1.1/plugins/bootstrap/fonts/glyphicons-halflings-regulard41d.eot]
[themes.iamabdus.com/bigbag/1.1/plugins/bootstrap/css/bootstrap.min.css]
[themes.iamabdus.com/bigbag/1.1/plugins/bootstrap/fonts/glyphicons-halflings-regular.svg]
[themes.iamabdus.com/bigbag/1.1/plugins/bootstrap/fonts/glyphicons-halflings-regular.ttf]
[themes.iamabdus.com/bigbag/1.1/plugins/bootstrap/fonts/glyphicons-halflings-regular.woff]
[themes.iamabdus.com/bigbag/1.1/plugins/font-awesome/fonts/fontawesome-webfont3295.woff2]
[themes.iamabdus.com/bigbag/1.1/plugins/font-awesome/fonts/fontawesome-webfont3295.eot]
[themes.iamabdus.com/bigbag/1.1/plugins/font-awesome/fonts/fontawesome-webfontd41d.eot]
[themes.iamabdus.com/bigbag/1.1/plugins/font-awesome/css/font-awesome.min.css]
[themes.iamabdus.com/bigbag/1.1/plugins/font-awesome/fonts/fontawesome-webfont3295.svg]
[themes.iamabdus.com/bigbag/1.1/plugins/images/arrow-down-1.png]
[themes.iamabdus.com/bigbag/1.1/plugins/font-awesome/fonts/fontawesome-webfont3295.woff]
[themes.iamabdus.com/bigbag/1.1/plugins/selectbox/images/arrow-down-1.png]
[themes.iamabdus.com/bigbag/1.1/plugins/selectbox/images/drop-down-arrow.jpg]
[themes.iamabdus.com/bigbag/1.1/plugins/selectbox/select_option1.css]
[themes.iamabdus.com/bigbag/1.1/plugins/rs-plugin/images/gradient/g30.png]
[themes.iamabdus.com/bigbag/1.1/plugins/font-awesome/fonts/fontawesome-webfont3295.ttf]
[themes.iamabdus.com/bigbag/1.1/plugins/rs-plugin/images/gradient/g40.png]
[themes.iamabdus.com/bigbag/1.1/plugins/rs-plugin/assets/shadow1.png]
[themes.iamabdus.com/bigbag/1.1/plugins/rs-plugin/assets/shadow2.png]
[themes.iamabdus.com/bigbag/1.1/plugins/rs-plugin/assets/shadow3.png]
[themes.iamabdus.com/bigbag/1.1/plugins/rs-plugin/assets/gridtile.png]
[themes.iamabdus.com/bigbag/1.1/plugins/rs-plugin/assets/gridtile_white.png]
[themes.iamabdus.com/bigbag/1.1/plugins/rs-plugin/assets/gridtile_3x3.png]
[themes.iamabdus.com/bigbag/1.1/plugins/rs-plugin/assets/gridtile_3x3_white.png]
[themes.iamabdus.com/bigbag/1.1/plugins/rs-plugin/assets/boxed_bgtile.png]
[themes.iamabdus.com/bigbag/1.1/plugins/rs-plugin/assets/navigdots_bgtile.png]
[themes.iamabdus.com/bigbag/1.1/plugins/rs-plugin/assets/bullet.png]
[themes.iamabdus.com/bigbag/1.1/plugins/rs-plugin/assets/bullets.png]
[themes.iamabdus.com/bigbag/1.1/plugins/rs-plugin/assets/bullets2.png]
[themes.iamabdus.com/bigbag/1.1/plugins/rs-plugin/assets/bullet_boxed.png]
[themes.iamabdus.com/bigbag/1.1/plugins/rs-plugin/assets/navigdots.png]
[themes.iamabdus.com/bigbag/1.1/plugins/rs-plugin/assets/large_left.png]
[themes.iamabdus.com/bigbag/1.1/plugins/rs-plugin/assets/large_right.png]
[themes.iamabdus.com/bigbag/1.1/plugins/rs-plugin/assets/small_left.png]
[themes.iamabdus.com/bigbag/1.1/plugins/rs-plugin/assets/small_right.png]
[themes.iamabdus.com/bigbag/1.1/plugins/rs-plugin/assets/arrow_left.png]
[themes.iamabdus.com/bigbag/1.1/plugins/rs-plugin/assets/arrow_right.png]
[themes.iamabdus.com/bigbag/1.1/plugins/rs-plugin/assets/small_left_boxed.png]
[themes.iamabdus.com/bigbag/1.1/plugins/rs-plugin/assets/small_right_boxed.png]
[themes.iamabdus.com/bigbag/1.1/plugins/rs-plugin/assets/arrowleft.png]
[themes.iamabdus.com/bigbag/1.1/plugins/rs-plugin/assets/arrowright.png]
[themes.iamabdus.com/bigbag/1.1/plugins/rs-plugin/assets/arrow_left2.png]
[themes.iamabdus.com/bigbag/1.1/plugins/rs-plugin/assets/arrow_right2.png]
[themes.iamabdus.com/bigbag/1.1/plugins/rs-plugin/assets/timer.png]
[themes.iamabdus.com/bigbag/1.1/plugins/rs-plugin/assets/coloredbg.png]
[themes.iamabdus.com/bigbag/1.1/plugins/rs-plugin/assets/loader.gif]
[themes.iamabdus.com/bigbag/1.1/plugins/rs-plugin/font/revicons90c6.eot]
[themes.iamabdus.com/bigbag/1.1/plugins/rs-plugin/font/revicons90c6.woff]
[themes.iamabdus.com/bigbag/1.1/plugins/rs-plugin/font/revicons90c6.svg]
[themes.iamabdus.com/bigbag/1.1/plugins/rs-plugin/css/settings.css]
[themes.iamabdus.com/bigbag/1.1/plugins/owl-carousel/images/left-arrow.png]
[themes.iamabdus.com/bigbag/1.1/plugins/rs-plugin/font/revicons90c6.ttf]
[themes.iamabdus.com/bigbag/1.1/plugins/owl-carousel/images/right-arrow.png]
[themes.iamabdus.com/bigbag/1.1/plugins/owl-carousel/owl.carousel.css]
[themes.iamabdus.com/bigbag/1.1/img/patterns/001.png]
[themes.iamabdus.com/bigbag/1.1/img/patterns/002.png]
[themes.iamabdus.com/bigbag/1.1/img/patterns/003.png]
[themes.iamabdus.com/bigbag/1.1/img/patterns/004.png]
[themes.iamabdus.com/bigbag/1.1/img/patterns/006.png]
[themes.iamabdus.com/bigbag/1.1/img/patterns/007.png]
[themes.iamabdus.com/bigbag/1.1/img/patterns/005.png]
[themes.iamabdus.com/bigbag/1.1/img/home/featured-collection/product-img4.jpg]
[themes.iamabdus.com/bigbag/1.1/img/home/featured-collection/product-img5.jpg]
[themes.iamabdus.com/bigbag/1.1/img/products/page-header-image.jpg]
[themes.iamabdus.com/bigbag/1.1/img/about-us/store-bg.jpg]
[themes.iamabdus.com/bigbag/1.1/img/comming-soon/comming-soon-bg.jpg]
[themes.iamabdus.com/bigbag/1.1/img/arrows/drop-down-arrow.jpg]
[themes.iamabdus.com/bigbag/1.1/img/arrows/down-arrow-white.png]
[themes.iamabdus.com/bigbag/1.1/img/arrows/down-arrow-gray.png]
[themes.iamabdus.com/bigbag/1.1/css/style.css]
[themes.iamabdus.com/bigbag/1.1/options/animate.css]
[themes.iamabdus.com/bigbag/1.1/options/pattern1.png]
[themes.iamabdus.com/bigbag/1.1/options/pattern2.png]
[themes.iamabdus.com/bigbag/1.1/options/pattern3.png]
[themes.iamabdus.com/bigbag/1.1/options/pattern4.png]
[themes.iamabdus.com/bigbag/1.1/options/pattern5.png]
[themes.iamabdus.com/bigbag/1.1/options/pattern6.png]
[themes.iamabdus.com/bigbag/1.1/options/pattern7.png]
[themes.iamabdus.com/bigbag/1.1/options/optionswitch.css]
[themes.iamabdus.com/bigbag/1.1/css/colors/default.css]
[themes.iamabdus.com/bigbag/1.1/.html]
[themes.iamabdus.com/bigbag/1.1/img/home/banner-slider/slider-bg.jpg]
[themes.iamabdus.com/bigbag/1.1/img/home/banner-slider/shoe1.png]
[themes.iamabdus.com/bigbag/1.1/img/home/banner-slider/shoe2.png]
[themes.iamabdus.com/bigbag/1.1/img/home/banner-slider/shoe3.png]
[themes.iamabdus.com/bigbag/1.1/img/home/featured-collection/featured-collection-01.jpg]
[themes.iamabdus.com/bigbag/1.1/img/home/featured-collection/featured-collection-02.jpg]
[themes.iamabdus.com/bigbag/1.1/img/home/featured-collection/featured-collection-03.jpg]
[themes.iamabdus.com/bigbag/1.1/img/home/featured-product/product-01.jpg]
[themes.iamabdus.com/bigbag/1.1/img/home/featured-product/product-02.jpg]
[themes.iamabdus.com/bigbag/1.1/img/home/featured-product/product-03.jpg]
[themes.iamabdus.com/bigbag/1.1/img/home/featured-product/product-04.jpg]
[themes.iamabdus.com/bigbag/1.1/img/home/featured-product/product-05.jpg]
[themes.iamabdus.com/bigbag/1.1/img/home/featured-product/product-06.jpg]
[themes.iamabdus.com/bigbag/1.1/img/home/featured-product/product-07.jpg]
[themes.iamabdus.com/bigbag/1.1/img/home/featured-product/product-09.jpg]
[themes.iamabdus.com/bigbag/1.1/img/home/articles/articles-01.jpg]
[themes.iamabdus.com/bigbag/1.1/img/home/articles/articles-02.jpg]
[themes.iamabdus.com/bigbag/1.1/img/home/articles/articles-03.jpg]
[themes.iamabdus.com/bigbag/1.1/img/home/articles/articles-04.jpg]
[themes.iamabdus.com/bigbag/1.1/index-v1.html]
[themes.iamabdus.com/bigbag/1.1/img/home/banner-slider/caption1.png]
[themes.iamabdus.com/bigbag/1.1/img/home/banner-slider/caption2.png]
[themes.iamabdus.com/bigbag/1.1/img/home/banner-slider/caption3.png]
[themes.iamabdus.com/bigbag/1.1/img/home/banner-slider/caption4.png]
[themes.iamabdus.com/bigbag/1.1/img/home/featured-collection/product-img1.png]
[themes.iamabdus.com/bigbag/1.1/img/home/featured-collection/product-img2.png]
[themes.iamabdus.com/bigbag/1.1/img/home/home-gallery/ins-img1.jpg]
[themes.iamabdus.com/bigbag/1.1/img/home/home-gallery/ins-img2.jpg]
[themes.iamabdus.com/bigbag/1.1/img/home/home-gallery/ins-img3.jpg]
[themes.iamabdus.com/bigbag/1.1/img/home/home-gallery/ins-img4.jpg]
[themes.iamabdus.com/bigbag/1.1/img/home/home-gallery/ins-img5.jpg]
[themes.iamabdus.com/bigbag/1.1/img/home/home-gallery/ins-img6.jpg]
[themes.iamabdus.com/bigbag/1.1/index-v2.html]
[themes.iamabdus.com/bigbag/1.1/img/home/category/category-img1.jpg]
[themes.iamabdus.com/bigbag/1.1/img/home/banner-slider/slider-img1.jpg]
[themes.iamabdus.com/bigbag/1.1/img/home/banner-slider/slider-img3.jpg]
[themes.iamabdus.com/bigbag/1.1/img/home/banner-slider/slider-img2.jpg]
[themes.iamabdus.com/bigbag/1.1/img/home/category/category-img3.jpg]
[themes.iamabdus.com/bigbag/1.1/img/home/category/category-img6.jpg]
[themes.iamabdus.com/bigbag/1.1/img/home/category/category-img7.jpg]
[themes.iamabdus.com/bigbag/1.1/img/home/category/category-img8.jpg]
[themes.iamabdus.com/bigbag/1.1/img/home/category/category-img2.jpg]
[themes.iamabdus.com/bigbag/1.1/img/home/category/category-img9.jpg]
[themes.iamabdus.com/bigbag/1.1/img/home/category/category-img10.jpg]
[themes.iamabdus.com/bigbag/1.1/img/home/category/category-img11.jpg]
[themes.iamabdus.com/bigbag/1.1/img/home/category/category-img4.jpg]
[themes.iamabdus.com/bigbag/1.1/img/home/category/category-img13.jpg]
[themes.iamabdus.com/bigbag/1.1/img/home/category/category-img14.jpg]
[themes.iamabdus.com/bigbag/1.1/img/home/category/category-img12.jpg]
[themes.iamabdus.com/bigbag/1.1/img/home/category/category-img5.jpg]
[themes.iamabdus.com/bigbag/1.1/img/home/category/category-img16.jpg]
[themes.iamabdus.com/bigbag/1.1/img/home/category/category-img17.jpg]
[themes.iamabdus.com/bigbag/1.1/img/home/category/category-img15.jpg]
[themes.iamabdus.com/bigbag/1.1/index-v4.html]
[themes.iamabdus.com/bigbag/1.1/index.html]
[themes.iamabdus.com/bigbag/1.1/img/products/products-01.jpg]
[themes.iamabdus.com/bigbag/1.1/img/products/products-02.jpg]
[themes.iamabdus.com/bigbag/1.1/img/products/products-03.jpg]
[themes.iamabdus.com/bigbag/1.1/img/products/products-04.jpg]
[themes.iamabdus.com/bigbag/1.1/img/products/products-05.jpg]
[themes.iamabdus.com/bigbag/1.1/img/products/products-06.jpg]
[themes.iamabdus.com/bigbag/1.1/img/products/products-07.jpg]
[themes.iamabdus.com/bigbag/1.1/img/products/products-08.jpg]
[themes.iamabdus.com/bigbag/1.1/img/products/products-09.jpg]
[themes.iamabdus.com/bigbag/1.1/img/products/products-10.jpg]
[themes.iamabdus.com/bigbag/1.1/img/products/products-11.jpg]
[themes.iamabdus.com/bigbag/1.1/img/products/products-12.jpg]
[themes.iamabdus.com/bigbag/1.1/product-grid-left-sidebar.html]
[themes.iamabdus.com/bigbag/1.1/product-grid-right-sidebar.html]
[themes.iamabdus.com/bigbag/1.1/product-grid-3-col-filter.html]
[themes.iamabdus.com/bigbag/1.1/product-grid-3-col.html]
[themes.iamabdus.com/bigbag/1.1/product-grid-4-col.html]
[themes.iamabdus.com/bigbag/1.1/product-list-left-sidebar.html]
[themes.iamabdus.com/bigbag/1.1/product-list-right-sidebar.html]
[themes.iamabdus.com/bigbag/1.1/img/products/signle-product/product-slide-big-01.jpg]
[themes.iamabdus.com/bigbag/1.1/img/products/signle-product/product-slide-big-02.jpg]
[themes.iamabdus.com/bigbag/1.1/img/products/signle-product/product-slide-big-03.jpg]
[themes.iamabdus.com/bigbag/1.1/img/products/signle-product/product-slide-big-04.jpg]
[themes.iamabdus.com/bigbag/1.1/img/products/signle-product/product-slide-small-01.jpg]
[themes.iamabdus.com/bigbag/1.1/img/products/signle-product/product-slide-small-02.jpg]
[themes.iamabdus.com/bigbag/1.1/img/products/signle-product/product-slide-small-03.jpg]
[themes.iamabdus.com/bigbag/1.1/img/products/signle-product/product-slide-small-04.jpg]
[themes.iamabdus.com/bigbag/1.1/single-product.html]
[themes.iamabdus.com/bigbag/1.1/img/products/cart-image.jpg]
[themes.iamabdus.com/bigbag/1.1/cart-page.html]
[themes.iamabdus.com/bigbag/1.1/checkout-step-1.html]
[themes.iamabdus.com/bigbag/1.1/checkout-step-2.html]
[themes.iamabdus.com/bigbag/1.1/checkout-step-3.html]
[themes.iamabdus.com/bigbag/1.1/checkout-step-4.html]
[themes.iamabdus.com/bigbag/1.1/checkout-complete.html]
[themes.iamabdus.com/bigbag/1.1/img/about-us/title-img.jpg]
[themes.iamabdus.com/bigbag/1.1/img/about-us/people-01.jpg]
[themes.iamabdus.com/bigbag/1.1/img/about-us/people-02.jpg]
[themes.iamabdus.com/bigbag/1.1/img/about-us/people-03.jpg]
[themes.iamabdus.com/bigbag/1.1/img/about-us/people-04.jpg]
[themes.iamabdus.com/bigbag/1.1/about-us.html]
[themes.iamabdus.com/bigbag/1.1/signup.html]
[themes.iamabdus.com/bigbag/1.1/signup-login.html]
[themes.iamabdus.com/bigbag/1.1/login.html]
[themes.iamabdus.com/bigbag/1.1/lost-password.html]
[themes.iamabdus.com/bigbag/1.1/privacy-policy.html]
[themes.iamabdus.com/bigbag/1.1/terms-and-conditions.html]
[themes.iamabdus.com/bigbag/1.1/404.html]
[themes.iamabdus.com/bigbag/1.1/short-code.html]
[themes.iamabdus.com/bigbag/1.1/img/comming-soon/logo-comming.png]
[themes.iamabdus.com/bigbag/1.1/coming-soon.html]
[themes.iamabdus.com/bigbag/1.1/img/blog/blog-01.jpg]
[themes.iamabdus.com/bigbag/1.1/img/blog/blog-02.jpg]
[themes.iamabdus.com/bigbag/1.1/img/blog/blog-03.jpg]
[themes.iamabdus.com/bigbag/1.1/img/blog/blog-04.jpg]
[themes.iamabdus.com/bigbag/1.1/img/blog/blog-05.jpg]
[themes.iamabdus.com/bigbag/1.1/img/blog/blog-small-01.jpg]
[themes.iamabdus.com/bigbag/1.1/img/blog/blog-small-02.jpg]
[themes.iamabdus.com/bigbag/1.1/img/blog/blog-small-03.jpg]
[themes.iamabdus.com/bigbag/1.1/blog-right-sidebar.html]
[themes.iamabdus.com/bigbag/1.1/blog-left-sidebar.html]
[themes.iamabdus.com/bigbag/1.1/blog-fullwidth.html]
[themes.iamabdus.com/bigbag/1.1/img/blog/avatar.jpg]
[themes.iamabdus.com/bigbag/1.1/blog-single-fullwidth.html]
[themes.iamabdus.com/bigbag/1.1/blog-single-right-sidebar.html]
[themes.iamabdus.com/bigbag/1.1/blog-single-left-sidebar.html]
[themes.iamabdus.com/bigbag/1.1/account-dashboard.html]
[themes.iamabdus.com/bigbag/1.1/img/products/profile/profile-image.jpg]
[themes.iamabdus.com/bigbag/1.1/account-profile.html]
[themes.iamabdus.com/bigbag/1.1/account-all-orders.html]
[themes.iamabdus.com/bigbag/1.1/account-single-order.html]
[themes.iamabdus.com/bigbag/1.1/account-wishlist.html]
[themes.iamabdus.com/bigbag/1.1/account-address.html]
[themes.iamabdus.com/bigbag/1.1/-2.html]
[themes.iamabdus.com/bigbag/1.1/plugins/jquery-ui/images/ui-bg_flat_75_ffffff_40x100.html]
[themes.iamabdus.com/bigbag/1.1/plugins/jquery-ui/images/ui-bg_glass_75_e6e6e6_1x400.html]
[themes.iamabdus.com/bigbag/1.1/plugins/jquery-ui/images/ui-bg_glass_75_dadada_1x400.html]
[themes.iamabdus.com/bigbag/1.1/plugins/jquery-ui/images/ui-bg_glass_65_ffffff_1x400.html]
[themes.iamabdus.com/bigbag/1.1/plugins/jquery-ui/images/ui-bg_glass_55_fbf9ee_1x400.html]
[themes.iamabdus.com/bigbag/1.1/plugins/jquery-ui/images/ui-bg_glass_95_fef1ec_1x400.html]
[themes.iamabdus.com/bigbag/1.1/plugins/jquery-ui/images/ui-icons_222222_256x240.html]
[themes.iamabdus.com/bigbag/1.1/plugins/jquery-ui/images/ui-icons_888888_256x240.html]
[themes.iamabdus.com/bigbag/1.1/plugins/jquery-ui/images/ui-icons_454545_256x240.html]
[themes.iamabdus.com/bigbag/1.1/plugins/jquery-ui/images/ui-icons_2e83ff_256x240.html]
[themes.iamabdus.com/bigbag/1.1/plugins/jquery-ui/images/ui-icons_cd0a0a_256x240.html]
[themes.iamabdus.com/bigbag/1.1/plugins/jquery-ui/images/ui-bg_flat_0_aaaaaa_40x100.html]
[themes.iamabdus.com/bigbag/1.1/plugins/bootstrap/fonts/glyphicons-halflings-regular.svg]
[themes.iamabdus.com/bigbag/1.1/plugins/font-awesome/fonts/fontawesome-webfont3295.svg]
[themes.iamabdus.com/bigbag/1.1/plugins/images/arrow-down-1.html]
[themes.iamabdus.com/bigbag/1.1/plugins/rs-plugin/font/revicons90c6.svg]
[themes.iamabdus.com/bigbag/1.1/index.html]
[themes.iamabdus.com/bigbag/1.1/plugins/bootstrap/js/bootstrap.min.js]
[cdn.linearicons.com/free/1.0.0/icon-font.min.css]
